<?xml version="1.0" encoding="UTF-8"?>
<!-- Generated by org.testng.reporters.JUnitReportReporter -->
<testsuite skipped="0" hostname="Shrey-PC" name="signup.Signup" tests="5" failures="0" timestamp="25 Oct 2018 20:18:02 GMT" time="197.703" errors="0">
  <testcase name="runSignUp" time="24.947" classname="signup.Signup"/>
  <testcase name="runSignUp" time="38.406" classname="signup.Signup"/>
  <testcase name="runSignUp" time="37.742" classname="signup.Signup"/>
  <testcase name="runSignUp" time="60.499" classname="signup.Signup"/>
  <testcase name="runSignUp" time="36.109" classname="signup.Signup"/>
</testsuite> <!-- signup.Signup -->
