<?xml version="1.0" encoding="UTF-8"?>
<!-- Generated by org.testng.reporters.JUnitReportReporter -->
<testsuite skipped="0" hostname="Shrey-PC" name="login.Login" tests="6" failures="0" timestamp="25 Oct 2018 20:18:02 GMT" time="111.959" errors="0">
  <testcase name="runLogin" time="15.551" classname="login.Login"/>
  <testcase name="runLogin" time="15.858" classname="login.Login"/>
  <testcase name="runLogin" time="17.872" classname="login.Login"/>
  <testcase name="runLogin" time="21.869" classname="login.Login"/>
  <testcase name="runLogin" time="19.408" classname="login.Login"/>
  <testcase name="runLogin" time="21.401" classname="login.Login"/>
</testsuite> <!-- login.Login -->
