<?xml version="1.0" encoding="UTF-8"?>
<!-- Generated by org.testng.reporters.JUnitReportReporter -->
<testsuite skipped="0" hostname="Infva06834" name="objctRep.OR" tests="1" failures="0" timestamp="25 Oct 2018 10:43:59 GMT" time="0.235" errors="0">
  <testcase name="testConfig" time="0.235" classname="objctRep.OR"/>
</testsuite> <!-- objctRep.OR -->
