<?xml version="1.0" encoding="UTF-8"?>
<!-- Generated by org.testng.reporters.JUnitReportReporter -->
<testsuite hostname="Shrey-PC" failures="0" tests="1" name="bookFlight.booking" time="0.002" errors="0" timestamp="25 Oct 2018 17:02:12 GMT" skipped="0">
  <testcase classname="bookFlight.booking" name="bookTest" time="0.002"/>
</testsuite> <!-- bookFlight.booking -->
